f:\code\wolfengine\wolfengine\x64\debug\wolfengine.pdb
f:\code\wolfengine\wolfengine\x64\debug\wolfengine.idb
f:\code\wolfengine\wolfengine\x64\debug\texture.obj
f:\code\wolfengine\wolfengine\x64\debug\swapchain.obj
f:\code\wolfengine\wolfengine\x64\debug\semaphore.obj
f:\code\wolfengine\wolfengine\x64\debug\scene.obj
f:\code\wolfengine\wolfengine\x64\debug\sampler.obj
f:\code\wolfengine\wolfengine\x64\debug\renderpass.obj
f:\code\wolfengine\wolfengine\x64\debug\renderer.obj
f:\code\wolfengine\wolfengine\x64\debug\pipeline.obj
f:\code\wolfengine\wolfengine\x64\debug\model2d.obj
f:\code\wolfengine\wolfengine\x64\debug\model.obj
f:\code\wolfengine\wolfengine\x64\debug\mesh.obj
f:\code\wolfengine\wolfengine\x64\debug\instance.obj
f:\code\wolfengine\wolfengine\x64\debug\inputvertextemplate.obj
f:\code\wolfengine\wolfengine\x64\debug\image.obj
f:\code\wolfengine\wolfengine\x64\debug\framebuffer.obj
f:\code\wolfengine\wolfengine\x64\debug\descriptorpool.obj
f:\code\wolfengine\wolfengine\x64\debug\debug.obj
f:\code\wolfengine\wolfengine\x64\debug\commandpool.obj
f:\code\wolfengine\wolfengine\x64\debug\commandbuffer.obj
f:\code\wolfengine\wolfengine\x64\debug\attachment.obj
f:\code\wolfengine\wolfengine\x64\debug\wolfengine.obj
f:\code\wolfengine\wolfengine\x64\debug\window.obj
f:\code\wolfengine\wolfengine\x64\debug\vulkanhelper.obj
f:\code\wolfengine\wolfengine\x64\debug\vulkanelement.obj
f:\code\wolfengine\wolfengine\x64\debug\vulkan.obj
f:\code\wolfengine\wolfengine\x64\debug\uniformbufferobject.obj
f:\code\wolfengine\x64\debug\wolfengine.lib
f:\code\wolfengine\x64\debug\wolfengine.pdb
f:\code\wolfengine\wolfengine\x64\debug\wolfengine.tlog\cl.command.1.tlog
f:\code\wolfengine\wolfengine\x64\debug\wolfengine.tlog\cl.read.1.tlog
f:\code\wolfengine\wolfengine\x64\debug\wolfengine.tlog\cl.write.1.tlog
f:\code\wolfengine\wolfengine\x64\debug\wolfengine.tlog\lib-link.read.1.tlog
f:\code\wolfengine\wolfengine\x64\debug\wolfengine.tlog\lib-link.write.1.tlog
f:\code\wolfengine\wolfengine\x64\debug\wolfengine.tlog\lib.command.1.tlog
